nohup: app.js: Permission denied
[0mGET / [32m200 [0m87.971 ms - 226[0m
[0mGET /stylesheets/style.css [32m200 [0m6.642 ms - 111[0m
[0mGET /favicon.ico [33m404 [0m8.574 ms - 1320[0m
[0mGET /jsdom [33m404 [0m6.143 ms - 1320[0m
[0mGET /stylesheets/style.css [36m304 [0m0.878 ms - -[0m
[0mGET / [32m200 [0m73.230 ms - 226[0m
[0mGET /stylesheets/style.css [36m304 [0m2.972 ms - -[0m
[0mGET / [36m304 [0m6.809 ms - -[0m
[0mGET /stylesheets/style.css [36m304 [0m1.829 ms - -[0m
[0mGET /memory_verses [33m404 [0m8.235 ms - 1320[0m
[0mGET /stylesheets/style.css [36m304 [0m0.417 ms - -[0m
[0mGET /memory_verses [33m404 [0m3.126 ms - 1320[0m
[0mGET /stylesheets/style.css [36m304 [0m0.841 ms - -[0m
[0mGET /memory_verses [33m404 [0m6.026 ms - 1320[0m
[0mGET /stylesheets/style.css [36m304 [0m1.038 ms - -[0m
[0mGET /memory_verses [33m404 [0m65.808 ms - 1320[0m
[0mGET /stylesheets/style.css [36m304 [0m2.635 ms - -[0m
[0mGET /memory_verses [33m404 [0m6.083 ms - 1320[0m
[0mGET /stylesheets/style.css [36m304 [0m1.190 ms - -[0m
[0mGET / [36m304 [0m5.953 ms - -[0m
[0mGET /stylesheets/style.css [36m304 [0m0.636 ms - -[0m
[0mGET / [36m304 [0m3.086 ms - -[0m
[0mGET /stylesheets/style.css [36m304 [0m0.359 ms - -[0m
[0mGET /memory_verses [33m404 [0m4.940 ms - 1320[0m
[0mGET /stylesheets/style.css [36m304 [0m0.505 ms - -[0m
[0mGET /memory_verses111 [33m404 [0m5.875 ms - 1320[0m
[0mGET /stylesheets/style.css [36m304 [0m1.995 ms - -[0m
[0mGET /aaa [33m404 [0m3.553 ms - 1320[0m
[0mGET /stylesheets/style.css [36m304 [0m0.325 ms - -[0m
[0mGET / [36m304 [0m71.179 ms - -[0m
[0mGET /stylesheets/style.css [36m304 [0m2.519 ms - -[0m
[0mGET / [36m304 [0m6.065 ms - -[0m
[0mGET /stylesheets/style.css [36m304 [0m1.252 ms - -[0m
[0mGET /aaa [33m404 [0m7.777 ms - 1320[0m
[0mGET /stylesheets/style.css [36m304 [0m0.910 ms - -[0m
[0mGET /aaa [33m404 [0m2.295 ms - 1320[0m
[0mGET /stylesheets/style.css [36m304 [0m0.745 ms - -[0m
[0mGET /aaa [33m404 [0m4.686 ms - 1320[0m
[0mGET /stylesheets/style.css [36m304 [0m0.519 ms - -[0m
